<?xml version="1.0" encoding="UTF-8"?>
<!-- Generated by org.testng.reporters.JUnitReportReporter -->
<testsuite skipped="0" hostname="YZAKAREYA" name="tests.addAllAvailableItemsIntoCartTest" tests="1" failures="0" timestamp="2021-02-25T05:36:59 EET" time="15.430" errors="0">
  <testcase name="addAllAvailableItemsIntoCart" time="15.430" classname="tests.addAllAvailableItemsIntoCartTest"/>
  <system-out>
Women Items Page is now opened All available Items are addedd to cart successfully  </system-out>
</testsuite> <!-- tests.addAllAvailableItemsIntoCartTest -->
