<?xml version="1.0" encoding="UTF-8"?>
<!-- Generated by org.testng.reporters.JUnitReportReporter -->
<testsuite skipped="0" hostname="YZAKAREYA" name="tests.signUpTest" tests="2" failures="0" timestamp="2021-02-25T05:36:59 EET" time="9.468" errors="0">
  <testcase name="navigateToSignUpPage" time="5.641" classname="tests.signUpTest"/>
  <system-out>
Navigated to Sign in page successfully User on Sign Up Page  </system-out>
  <testcase name="fillSignUpForm" time="3.827" classname="tests.signUpTest"/>
  <system-out>
User Registered successfully  </system-out>
</testsuite> <!-- tests.signUpTest -->
