<?xml version="1.0" encoding="UTF-8"?>
<!-- Generated by org.testng.reporters.JUnitReportReporter -->
<testsuite skipped="0" hostname="YZAKAREYA" name="tests.checkOutTest" tests="1" failures="0" timestamp="2021-02-25T11:43:57 EET" time="5.789" errors="0">
  <testcase name="validateCheckOutItems" time="5.789" classname="tests.checkOutTest"/>
  <system-out>
Navigated to shopping cart page successfully The item no.1 matches the selection in home page The item no.2 matches the selection in home page The item no.3 matches the selection in home page The item no.4 matches the selection in home page The item no.5 matches the selection in home page The item no.6 matches the selection in home page The item no.7 matches the selection in home page Each item price in cart matches each item selected in home Page total price in cart matches total price of items added from home Page  </system-out>
</testsuite> <!-- tests.checkOutTest -->
