<?xml version="1.0" encoding="UTF-8"?>
<!-- Generated by org.testng.reporters.JUnitReportReporter -->
<testsuite skipped="0" hostname="YZAKAREYA" name="tests.signUpTest" tests="2" failures="0" timestamp="2021-02-25T11:43:57 EET" time="9.177" errors="0">
  <testcase name="navigateToSignUpPage" time="4.691" classname="tests.signUpTest"/>
  <system-out>
Navigated to Sign in page successfully User on Sign Up Page  </system-out>
  <testcase name="fillSignUpForm" time="4.486" classname="tests.signUpTest"/>
  <system-out>
User Registered successfully  </system-out>
</testsuite> <!-- tests.signUpTest -->
